# JRE version: Java(TM) SE Runtime Environment (8.0_111-b14) (build 1.8.0_111-b14)
# Java VM: Java HotSpot(TM) 64-Bit Server VM (25.111-b14 mixed mode linux-amd64 compressed oops)
Heap:
 PSYoungGen      total 339456K, used 90837K [0x00000000eab00000, 0x0000000100000000, 0x0000000100000000)
  eden space 333824K, 25% used [0x00000000eab00000,0x00000000efe3d630,0x00000000ff100000)
  from space 5632K, 99% used [0x00000000ffa80000,0x00000000ffff8190,0x0000000100000000)
  to   space 7680K, 0% used [0x00000000ff100000,0x00000000ff100000,0x00000000ff880000)
 ParOldGen       total 699392K, used 282207K [0x00000000c0000000, 0x00000000eab00000, 0x00000000eab00000)
  object space 699392K, 40% used [0x00000000c0000000,0x00000000d1397d90,0x00000000eab00000)
 Metaspace       used 138605K, capacity 140385K, committed 140824K, reserved 1167360K
  class space    used 22678K, capacity 23049K, committed 23080K, reserved 1048576K
GC Heap History (10 events):
Event: 778.291 GC heap before
{Heap before GC invocations=196 (full 4):
 PSYoungGen      total 345088K, used 342336K [0x00000000eab00000, 0x0000000100000000, 0x0000000100000000)
  eden space 340992K, 100% used [0x00000000eab00000,0x00000000ff800000,0x00000000ff800000)
  from space 4096K, 32% used [0x00000000ff800000,0x00000000ff950000,0x00000000ffc00000)
  to   space 4096K, 0% used [0x00000000ffc00000,0x00000000ffc00000,0x0000000100000000)
 ParOldGen       total 699392K, used 274859K [0x00000000c0000000, 0x00000000eab00000, 0x00000000eab00000)
  object space 699392K, 39% used [0x00000000c0000000,0x00000000d0c6ac50,0x00000000eab00000)
 Metaspace       used 138574K, capacity 140321K, committed 140568K, reserved 1167360K
  class space    used 22678K, capacity 23049K, committed 23080K, reserved 1048576K
Event: 778.300 GC heap after
Heap after GC invocations=196 (full 4):
 PSYoungGen      total 345088K, used 1216K [0x00000000eab00000, 0x0000000100000000, 0x0000000100000000)
  eden space 340992K, 0% used [0x00000000eab00000,0x00000000eab00000,0x00000000ff800000)
  from space 4096K, 29% used [0x00000000ffc00000,0x00000000ffd30000,0x0000000100000000)
  to   space 4096K, 0% used [0x00000000ff800000,0x00000000ff800000,0x00000000ffc00000)
 ParOldGen       total 699392K, used 274859K [0x00000000c0000000, 0x00000000eab00000, 0x00000000eab00000)
  object space 699392K, 39% used [0x00000000c0000000,0x00000000d0c6ac50,0x00000000eab00000)
 Metaspace       used 138574K, capacity 140321K, committed 140568K, reserved 1167360K
  class space    used 22678K, capacity 23049K, committed 23080K, reserved 1048576K
}
Event: 788.414 GC heap before
{Heap before GC invocations=197 (full 4):
 PSYoungGen      total 345088K, used 342208K [0x00000000eab00000, 0x0000000100000000, 0x0000000100000000)
  eden space 340992K, 100% used [0x00000000eab00000,0x00000000ff800000,0x00000000ff800000)
  from space 4096K, 29% used [0x00000000ffc00000,0x00000000ffd30000,0x0000000100000000)
  to   space 4096K, 0% used [0x00000000ff800000,0x00000000ff800000,0x00000000ffc00000)
 ParOldGen       total 699392K, used 274859K [0x00000000c0000000, 0x00000000eab00000, 0x00000000eab00000)
  object space 699392K, 39% used [0x00000000c0000000,0x00000000d0c6ac50,0x00000000eab00000)
 Metaspace       used 138574K, capacity 140321K, committed 140568K, reserved 1167360K
  class space    used 22678K, capacity 23049K, committed 23080K, reserved 1048576K
Event: 788.439 GC heap after
Heap after GC invocations=197 (full 4):
 PSYoungGen      total 345088K, used 1376K [0x00000000eab00000, 0x0000000100000000, 0x0000000100000000)
  eden space 340992K, 0% used [0x00000000eab00000,0x00000000eab00000,0x00000000ff800000)
  from space 4096K, 33% used [0x00000000ff800000,0x00000000ff958000,0x00000000ffc00000)
  to   space 3584K, 0% used [0x00000000ffc80000,0x00000000ffc80000,0x0000000100000000)
 ParOldGen       total 699392K, used 274859K [0x00000000c0000000, 0x00000000eab00000, 0x00000000eab00000)
  object space 699392K, 39% used [0x00000000c0000000,0x00000000d0c6ac50,0x00000000eab00000)
 Metaspace       used 138574K, capacity 140321K, committed 140568K, reserved 1167360K
  class space    used 22678K, capacity 23049K, committed 23080K, reserved 1048576K
}
Event: 796.487 GC heap before
{Heap before GC invocations=198 (full 4):
 PSYoungGen      total 345088K, used 342368K [0x00000000eab00000, 0x0000000100000000, 0x0000000100000000)
  eden space 340992K, 100% used [0x00000000eab00000,0x00000000ff800000,0x00000000ff800000)
  from space 4096K, 33% used [0x00000000ff800000,0x00000000ff958000,0x00000000ffc00000)
  to   space 3584K, 0% used [0x00000000ffc80000,0x00000000ffc80000,0x0000000100000000)
 ParOldGen       total 699392K, used 274859K [0x00000000c0000000, 0x00000000eab00000, 0x00000000eab00000)
  object space 699392K, 39% used [0x00000000c0000000,0x00000000d0c6ac50,0x00000000eab00000)
 Metaspace       used 138579K, capacity 140385K, committed 140824K, reserved 1167360K
  class space    used 22678K, capacity 23049K, committed 23080K, reserved 1048576K
Event: 796.512 GC heap after
Heap after GC invocations=198 (full 4):
 PSYoungGen      total 341504K, used 3568K [0x00000000eab00000, 0x0000000100000000, 0x0000000100000000)
  eden space 337920K, 0% used [0x00000000eab00000,0x00000000eab00000,0x00000000ff500000)
  from space 3584K, 99% used [0x00000000ffc80000,0x00000000ffffc3b8,0x0000000100000000)
  to   space 5632K, 0% used [0x00000000ff500000,0x00000000ff500000,0x00000000ffa80000)
 ParOldGen       total 699392K, used 278739K [0x00000000c0000000, 0x00000000eab00000, 0x00000000eab00000)
  object space 699392K, 39% used [0x00000000c0000000,0x00000000d1034c50,0x00000000eab00000)
 Metaspace       used 138579K, capacity 140385K, committed 140824K, reserved 1167360K
  class space    used 22678K, capacity 23049K, committed 23080K, reserved 1048576K
}
Event: 802.547 GC heap before
{Heap before GC invocations=199 (full 4):
 PSYoungGen      total 341504K, used 341488K [0x00000000eab00000, 0x0000000100000000, 0x0000000100000000)
  eden space 337920K, 100% used [0x00000000eab00000,0x00000000ff500000,0x00000000ff500000)
  from space 3584K, 99% used [0x00000000ffc80000,0x00000000ffffc3b8,0x0000000100000000)
  to   space 5632K, 0% used [0x00000000ff500000,0x00000000ff500000,0x00000000ffa80000)
 ParOldGen       total 699392K, used 278739K [0x00000000c0000000, 0x00000000eab00000, 0x00000000eab00000)
  object space 699392K, 39% used [0x00000000c0000000,0x00000000d1034c50,0x00000000eab00000)
 Metaspace       used 138584K, capacity 140385K, committed 140824K, reserved 1167360K
  class space    used 22678K, capacity 23049K, committed 23080K, reserved 1048576K
Event: 802.558 GC heap after
Heap after GC invocations=199 (full 4):
 PSYoungGen      total 343552K, used 2044K [0x00000000eab00000, 0x0000000100000000, 0x0000000100000000)
  eden space 337920K, 0% used [0x00000000eab00000,0x00000000eab00000,0x00000000ff500000)
  from space 5632K, 36% used [0x00000000ff500000,0x00000000ff6ff208,0x00000000ffa80000)
  to   space 5632K, 0% used [0x00000000ffa80000,0x00000000ffa80000,0x0000000100000000)
 ParOldGen       total 699392K, used 278747K [0x00000000c0000000, 0x00000000eab00000, 0x00000000eab00000)
  object space 699392K, 39% used [0x00000000c0000000,0x00000000d1036c50,0x00000000eab00000)
 Metaspace       used 138584K, capacity 140385K, committed 140824K, reserved 1167360K
  class space    used 22678K, capacity 23049K, committed 23080K, reserved 1048576K
}
Event: 807.479 GC heap before
{Heap before GC invocations=200 (full 4):
 PSYoungGen      total 343552K, used 339964K [0x00000000eab00000, 0x0000000100000000, 0x0000000100000000)
  eden space 337920K, 100% used [0x00000000eab00000,0x00000000ff500000,0x00000000ff500000)
  from space 5632K, 36% used [0x00000000ff500000,0x00000000ff6ff208,0x00000000ffa80000)
  to   space 5632K, 0% used [0x00000000ffa80000,0x00000000ffa80000,0x0000000100000000)
 ParOldGen       total 699392K, used 278747K [0x00000000c0000000, 0x00000000eab00000, 0x00000000eab00000)
  object space 699392K, 39% used [0x00000000c0000000,0x00000000d1036c50,0x00000000eab00000)
 Metaspace       used 138604K, capacity 140385K, committed 140824K, reserved 1167360K
  class space    used 22678K, capacity 23049K, committed 23080K, reserved 1048576K
Event: 807.487 GC heap after
Heap after GC invocations=200 (full 4):
 PSYoungGen      total 339456K, used 5600K [0x00000000eab00000, 0x0000000100000000, 0x0000000100000000)
  eden space 333824K, 0% used [0x00000000eab00000,0x00000000eab00000,0x00000000ff100000)
  from space 5632K, 99% used [0x00000000ffa80000,0x00000000ffff8190,0x0000000100000000)
  to   space 7680K, 0% used [0x00000000ff100000,0x00000000ff100000,0x00000000ff880000)
 ParOldGen       total 699392K, used 282207K [0x00000000c0000000, 0x00000000eab00000, 0x00000000eab00000)
  object space 699392K, 40% used [0x00000000c0000000,0x00000000d1397d90,0x00000000eab00000)
 Metaspace       used 138604K, capacity 140385K, committed 140824K, reserved 1167360K
  class space    used 22678K, capacity 23049K, committed 23080K, reserved 1048576K
}

